<?xml version="1.0" encoding="UTF-8"?>
<!-- Generated by org.testng.reporters.JUnitReportReporter -->
<testsuite hostname="Roopambikas-MBP" failures="0" tests="1" name="WeatherCheckerProject.ValidateWeatherChecker" time="2.955" errors="0" timestamp="28 Sep 2020 11:28:00 GMT">
  <testcase classname="WeatherCheckerProject.ValidateWeatherChecker" name="validatePostalCode" time="2.955"/>
</testsuite> <!-- WeatherCheckerProject.ValidateWeatherChecker -->
